There are no unused tarball(s) to remove.
There are no index cache(s) to remove.
There are no unused package(s) to remove.
There are no tempfile(s) to remove.
There are no logfile(s) to remove.
WARNING: No matching packages
Files removed: 0 (0 bytes)
Requirement already satisfied: pip in /home/egusmao/miniconda/envs/ml/lib/python3.12/site-packages (25.0)
Collecting pip
  Downloading pip-25.0.1-py3-none-any.whl.metadata (3.7 kB)
Downloading pip-25.0.1-py3-none-any.whl (1.8 MB)
   ━━━━━━━━━━━━━━━━━━━━━━━━━━━━━━━━━━━━━━━━ 1.8/1.8 MB 11.3 MB/s eta 0:00:00
Installing collected packages: pip
  Attempting uninstall: pip
    Found existing installation: pip 25.0
    Uninstalling pip-25.0:
      Successfully uninstalled pip-25.0
Successfully installed pip-25.0.1
Channels:
 - rapidsai
 - nvidia
 - conda-forge
 - defaults
Platform: linux-64
Collecting package metadata (repodata.json): ...working... done
Solving environment: ...working... failed

LibMambaUnsatisfiableError: Encountered problems while solving:
  - package cuml-21.06.00-cuda11.0_py37_g40741b0ad_1 requires libcumlprims 21.06.*, but none of the providers can be installed
  - nothing provides _python_rc needed by python-3.12.0rc3-rc3_hab00c5b_1_cpython

Could not solve for environment specs
The following packages are incompatible
├─ cudatoolkit =10.1 is requested and can be installed;
├─ cuml =21.6 is not installable because it requires
│  └─ libcumlprims =21.6, which conflicts with any installable versions previously reported;
├─ datashader is installable with the potential options
│  ├─ datashader 0.13.1a would require
│  │  └─ numba >=0.51 with the potential options
│  │     ├─ numba [0.56.2|0.56.3|0.56.4|0.57.0|0.57.1] would require
│  │     │  └─ cudatoolkit >=10.2, which conflicts with any installable versions previously reported;
│  │     ├─ numba [0.58.1|0.59.0|0.59.1|0.60.0|0.61.0] would require
│  │     │  └─ cudatoolkit >=11.2, which conflicts with any installable versions previously reported;
│  │     ├─ numba [0.49.0|0.49.1|...|0.53.1] would require
│  │     │  └─ python_abi =3.6 *_cp36m, which can be installed;
│  │     ├─ numba [0.40.0|0.40.1|...|0.55.2] would require
│  │     │  └─ python >=3.7,<3.8.0a0, which can be installed;
│  │     ├─ numba [0.49.0|0.49.1|...|0.55.2] would require
│  │     │  └─ python_abi =3.8 *_cp38 with the potential options
│  │     │     ├─ python_abi 3.8 would require
│  │     │     │  └─ python =3.8 *_cpython, which can be installed;
│  │     │     └─ python_abi 3.8, which can be installed;
│  │     ├─ numba [0.53.0|0.53.1|...|0.55.2] would require
│  │     │  └─ python_abi =3.9 *_cp39 with the potential options
│  │     │     ├─ python_abi 3.9 would require
│  │     │     │  └─ python =3.9 *_cpython, which can be installed;
│  │     │     └─ python_abi 3.9, which can be installed;
│  │     ├─ numba [0.55.0|0.55.1|0.55.2] would require
│  │     │  └─ python_abi =3.10 *_cp310 with the potential options
│  │     │     ├─ python_abi 3.10 would require
│  │     │     │  └─ python =3.10 *_cpython, which can be installed;
│  │     │     └─ python_abi 3.10, which can be installed;
│  │     └─ numba [0.51.2|0.52.0|...|0.61.0] conflicts with any installable versions previously reported;
│  ├─ datashader [0.10.0|0.11.0|...|0.9.0] conflicts with any installable versions previously reported;
│  └─ datashader 0.17.0 would require
│     ├─ numba with the potential options
│     │  ├─ numba [0.56.2|0.56.3|0.56.4|0.57.0|0.57.1], which cannot be installed (as previously explained);
│     │  ├─ numba [0.58.1|0.59.0|0.59.1|0.60.0|0.61.0], which cannot be installed (as previously explained);
│     │  ├─ numba [0.49.0|0.49.1|...|0.53.1], which can be installed (as previously explained);
│     │  ├─ numba [0.40.0|0.40.1|...|0.55.2], which can be installed (as previously explained);
│     │  ├─ numba [0.49.0|0.49.1|...|0.55.2], which can be installed (as previously explained);
│     │  ├─ numba [0.53.0|0.53.1|...|0.55.2], which can be installed (as previously explained);
│     │  ├─ numba [0.55.0|0.55.1|0.55.2], which can be installed (as previously explained);
│     │  ├─ numba [0.51.2|0.52.0|...|0.61.0] conflicts with any installable versions previously reported;
│     │  ├─ numba [0.36.1|0.36.2|0.38.0|0.38.1|0.40.0] would require
│     │  │  └─ python >=3.5,<3.6.0a0, which can be installed;
│     │  ├─ numba [0.36.1|0.36.2|...|0.48.0] would require
│     │  │  └─ python >=3.6,<3.7.0a0, which can be installed;
│     │  ├─ numba [0.38.0|0.38.1|...|0.47.0] would require
│     │  │  └─ python >=2.7,<2.8.0a0, which can be installed;
│     │  ├─ numba [0.47.0|0.48.0] would require
│     │  │  └─ python >=3.8,<3.9.0a0, which can be installed;
│     │  └─ numba [0.35.0|0.36.1|...|0.50.1] conflicts with any installable versions previously reported;
│     └─ python >=3.12,<3.13.0a0 but there are no viable options
│        ├─ python [3.12.0|3.12.1|...|3.12.9] would require
│        │  └─ python_abi =3.12 *_cp312, which conflicts with any installable versions previously reported;
│        └─ python [3.12.0|3.12.1|...|3.12.9] conflicts with any installable versions previously reported;
└─ python =3.12 is not installable because there are no viable options
   ├─ python [3.12.0|3.12.1|...|3.12.9], which cannot be installed (as previously explained);
   ├─ python 3.12.0rc3 would require
   │  └─ _python_rc, which does not exist (perhaps a missing channel);
   └─ python [3.12.0|3.12.1|...|3.12.9] conflicts with any installable versions previously reported.

Looking in links: https://dl.fbaipublicfiles.com/detectron2/wheels/cu101/torch1.7/index.html
ERROR: Could not find a version that satisfies the requirement detectron2==0.4 (from versions: none)
ERROR: No matching distribution found for detectron2==0.4
Looking in indexes: https://pypi.org/simple, https://pypi.nvidia.com
ERROR: Could not find a version that satisfies the requirement cupy-cuda101 (from versions: none)
ERROR: No matching distribution found for cupy-cuda101
There are no unused tarball(s) to remove.
Will remove 1 index cache(s).
There are no unused package(s) to remove.
There are no tempfile(s) to remove.
There are no logfile(s) to remove.
Files removed: 12 (1.9 MB)
/home/egusmao/miniconda/envs/ml/lib/python3.12/site-packages/torch/cuda/__init__.py:129: UserWarning: CUDA initialization: The NVIDIA driver on your system is too old (found version 11070). Please update your GPU driver by downloading and installing a new version from the URL: http://www.nvidia.com/Download/index.aspx Alternatively, go to: https://pytorch.org to install a PyTorch version that has been compiled with your version of the CUDA driver. (Triggered internally at /pytorch/c10/cuda/CUDAFunctions.cpp:109.)
  return torch._C._cuda_getDeviceCount() > 0
Using device: cpu
Starting matrix multiplication...
Matrix multiplication completed in 0.02 seconds
There are no unused tarball(s) to remove.
There are no index cache(s) to remove.
There are no unused package(s) to remove.
There are no tempfile(s) to remove.
There are no logfile(s) to remove.
WARNING: No matching packages
Files removed: 0 (0 bytes)
