There are no unused tarball(s) to remove.
There are no index cache(s) to remove.
There are no unused package(s) to remove.
There are no tempfile(s) to remove.
There are no logfile(s) to remove.
WARNING: No matching packages
Files removed: 0 (0 bytes)

PackagesNotFoundError: The following packages are missing from the target environment:
  - torchaudio
  - torchvision
  - pytorch



PackagesNotFoundError: The following packages are missing from the target environment:
  - keras-tuner
  - keras
  - tensorflow
  - tensorflow-gpu



PackagesNotFoundError: The following packages are missing from the target environment:
  - lightgbm
  - xgboost
  - cudatoolkit



PackagesNotFoundError: The following packages are missing from the target environment:
  - horovod
  - efficientnet-pytorch
  - detectron2



PackagesNotFoundError: The following packages are missing from the target environment:
  - scikit-image
  - opencv-python-headless
  - opencv



PackagesNotFoundError: The following packages are missing from the target environment:
  - transformers
  - cuml
  - accelerate


WARNING: Skipping transformers as it is not installed.
WARNING: Skipping accelerate as it is not installed.
WARNING: Skipping detectron2 as it is not installed.
WARNING: Skipping efficientnet-pytorch as it is not installed.
Found existing installation: face-recognition 1.3.0
Uninstalling face-recognition-1.3.0:
  Successfully uninstalled face-recognition-1.3.0
WARNING: Skipping opencv-python-headless as it is not installed.
WARNING: Skipping scikit-image as it is not installed.
WARNING: Skipping cupy-cuda101 as it is not installed.
There are no unused tarball(s) to remove.
There are no index cache(s) to remove.
Will remove 1 (57 KB) package(s).
There are no tempfile(s) to remove.
There are no logfile(s) to remove.
WARNING: No matching packages
Files removed: 0 (0 bytes)
